# JRE version: Java(TM) SE Runtime Environment (21.0+35) (build 21+35-LTS-2513)
# Java VM: Java HotSpot(TM) 64-Bit Server VM (21+35-LTS-2513, mixed mode, sharing, tiered, compressed oops, compressed class ptrs, g1 gc, windows-amd64)
GC Precious Log:
 CardTable entry size: 512
 Card Set container configuration: InlinePtr #cards 5 size 8 Array Of Cards #cards 12 size 40 Howl #buckets 4 coarsen threshold 1843 Howl Bitmap #cards 512 size 80 coarsen threshold 460 Card regions per heap region 1 cards per card region 2048
 CPUs: 8 total, 8 available
 Memory: 7103M
 Large Page Support: Disabled
 NUMA Support: Disabled
 Compressed Oops: Enabled (32-bit)
 Heap Region Size: 1M
 Heap Min Capacity: 8M
 Heap Initial Capacity: 112M
 Heap Max Capacity: 1776M
 Pre-touch: Disabled
 Parallel Workers: 8
 Concurrent Workers: 2
 Concurrent Refinement Workers: 8
 Periodic GC: Disabled
Heap:
 garbage-first heap   total 55296K, used 29249K [0x0000000091000000, 0x0000000100000000)
  region size 1024K, 5 young (5120K), 2 survivors (2048K)
 Metaspace       used 59983K, committed 60608K, reserved 1114112K
  class space    used 8162K, committed 8448K, reserved 1048576K
GC Heap History (20 events):
Event: 4.577 GC heap before
{Heap before GC invocations=1 (full 0):
 garbage-first heap   total 114688K, used 35743K [0x0000000091000000, 0x0000000100000000)
  region size 1024K, 31 young (31744K), 3 survivors (3072K)
 Metaspace       used 13347K, committed 13632K, reserved 1114112K
  class space    used 1736K, committed 1856K, reserved 1048576K
}
Event: 4.588 GC heap after
{Heap after GC invocations=2 (full 0):
 garbage-first heap   total 114688K, used 9711K [0x0000000091000000, 0x0000000100000000)
  region size 1024K, 3 young (3072K), 3 survivors (3072K)
 Metaspace       used 13347K, committed 13632K, reserved 1114112K
  class space    used 1736K, committed 1856K, reserved 1048576K
}
Event: 6.093 GC heap before
{Heap before GC invocations=2 (full 0):
 garbage-first heap   total 114688K, used 46575K [0x0000000091000000, 0x0000000100000000)
  region size 1024K, 41 young (41984K), 3 survivors (3072K)
 Metaspace       used 21213K, committed 21504K, reserved 1114112K
  class space    used 2653K, committed 2816K, reserved 1048576K
}
Event: 6.105 GC heap after
{Heap after GC invocations=3 (full 0):
 garbage-first heap   total 114688K, used 13389K [0x0000000091000000, 0x0000000100000000)
  region size 1024K, 6 young (6144K), 6 survivors (6144K)
 Metaspace       used 21213K, committed 21504K, reserved 1114112K
  class space    used 2653K, committed 2816K, reserved 1048576K
}
Event: 8.699 GC heap before
{Heap before GC invocations=4 (full 0):
 garbage-first heap   total 55296K, used 40013K [0x0000000091000000, 0x0000000100000000)
  region size 1024K, 32 young (32768K), 6 survivors (6144K)
 Metaspace       used 25125K, committed 25536K, reserved 1114112K
  class space    used 3188K, committed 3392K, reserved 1048576K
}
Event: 8.710 GC heap after
{Heap after GC invocations=5 (full 0):
 garbage-first heap   total 55296K, used 15195K [0x0000000091000000, 0x0000000100000000)
  region size 1024K, 3 young (3072K), 3 survivors (3072K)
 Metaspace       used 25125K, committed 25536K, reserved 1114112K
  class space    used 3188K, committed 3392K, reserved 1048576K
}
Event: 10.554 GC heap before
{Heap before GC invocations=5 (full 0):
 garbage-first heap   total 55296K, used 40795K [0x0000000091000000, 0x0000000100000000)
  region size 1024K, 28 young (28672K), 3 survivors (3072K)
 Metaspace       used 30267K, committed 30784K, reserved 1114112K
  class space    used 3883K, committed 4096K, reserved 1048576K
}
Event: 10.562 GC heap after
{Heap after GC invocations=6 (full 0):
 garbage-first heap   total 55296K, used 17895K [0x0000000091000000, 0x0000000100000000)
  region size 1024K, 3 young (3072K), 3 survivors (3072K)
 Metaspace       used 30267K, committed 30784K, reserved 1114112K
  class space    used 3883K, committed 4096K, reserved 1048576K
}
Event: 12.357 GC heap before
{Heap before GC invocations=6 (full 0):
 garbage-first heap   total 55296K, used 42471K [0x0000000091000000, 0x0000000100000000)
  region size 1024K, 28 young (28672K), 3 survivors (3072K)
 Metaspace       used 35557K, committed 36096K, reserved 1114112K
  class space    used 4627K, committed 4864K, reserved 1048576K
}
Event: 12.365 GC heap after
{Heap after GC invocations=7 (full 0):
 garbage-first heap   total 55296K, used 19579K [0x0000000091000000, 0x0000000100000000)
  region size 1024K, 2 young (2048K), 2 survivors (2048K)
 Metaspace       used 35557K, committed 36096K, reserved 1114112K
  class space    used 4627K, committed 4864K, reserved 1048576K
}
Event: 14.775 GC heap before
{Heap before GC invocations=8 (full 0):
 garbage-first heap   total 55296K, used 45179K [0x0000000091000000, 0x0000000100000000)
  region size 1024K, 27 young (27648K), 2 survivors (2048K)
 Metaspace       used 43040K, committed 43584K, reserved 1114112K
  class space    used 5687K, committed 5952K, reserved 1048576K
}
Event: 14.781 GC heap after
{Heap after GC invocations=9 (full 0):
 garbage-first heap   total 55296K, used 21122K [0x0000000091000000, 0x0000000100000000)
  region size 1024K, 4 young (4096K), 4 survivors (4096K)
 Metaspace       used 43040K, committed 43584K, reserved 1114112K
  class space    used 5687K, committed 5952K, reserved 1048576K
}
Event: 17.205 GC heap before
{Heap before GC invocations=9 (full 0):
 garbage-first heap   total 55296K, used 44674K [0x0000000091000000, 0x0000000100000000)
  region size 1024K, 28 young (28672K), 4 survivors (4096K)
 Metaspace       used 50880K, committed 51456K, reserved 1114112K
  class space    used 6893K, committed 7168K, reserved 1048576K
}
Event: 17.216 GC heap after
{Heap after GC invocations=10 (full 0):
 garbage-first heap   total 55296K, used 22390K [0x0000000091000000, 0x0000000100000000)
  region size 1024K, 4 young (4096K), 4 survivors (4096K)
 Metaspace       used 50880K, committed 51456K, reserved 1114112K
  class space    used 6893K, committed 7168K, reserved 1048576K
}
Event: 19.953 GC heap before
{Heap before GC invocations=10 (full 0):
 garbage-first heap   total 55296K, used 44918K [0x0000000091000000, 0x0000000100000000)
  region size 1024K, 27 young (27648K), 4 survivors (4096K)
 Metaspace       used 56676K, committed 57280K, reserved 1114112K
  class space    used 7695K, committed 7936K, reserved 1048576K
}
Event: 19.965 GC heap after
{Heap after GC invocations=11 (full 0):
 garbage-first heap   total 55296K, used 24178K [0x0000000091000000, 0x0000000100000000)
  region size 1024K, 4 young (4096K), 4 survivors (4096K)
 Metaspace       used 56676K, committed 57280K, reserved 1114112K
  class space    used 7695K, committed 7936K, reserved 1048576K
}
Event: 21.397 GC heap before
{Heap before GC invocations=11 (full 0):
 garbage-first heap   total 55296K, used 45682K [0x0000000091000000, 0x0000000100000000)
  region size 1024K, 25 young (25600K), 4 survivors (4096K)
 Metaspace       used 59068K, committed 59712K, reserved 1114112K
  class space    used 8021K, committed 8256K, reserved 1048576K
}
Event: 21.403 GC heap after
{Heap after GC invocations=12 (full 0):
 garbage-first heap   total 55296K, used 26371K [0x0000000091000000, 0x0000000100000000)
  region size 1024K, 4 young (4096K), 4 survivors (4096K)
 Metaspace       used 59068K, committed 59712K, reserved 1114112K
  class space    used 8021K, committed 8256K, reserved 1048576K
}
Event: 21.808 GC heap before
{Heap before GC invocations=12 (full 0):
 garbage-first heap   total 55296K, used 32515K [0x0000000091000000, 0x0000000100000000)
  region size 1024K, 11 young (11264K), 4 survivors (4096K)
 Metaspace       used 59751K, committed 60416K, reserved 1114112K
  class space    used 8120K, committed 8448K, reserved 1048576K
}
Event: 21.818 GC heap after
{Heap after GC invocations=13 (full 0):
 garbage-first heap   total 55296K, used 27201K [0x0000000091000000, 0x0000000100000000)
  region size 1024K, 2 young (2048K), 2 survivors (2048K)
 Metaspace       used 59751K, committed 60416K, reserved 1114112K
  class space    used 8120K, committed 8448K, reserved 1048576K
}

